<?xml version="1.0" encoding="UTF-8"?>
<testng-results skipped="0" failed="0" ignored="1" total="2" passed="1">
  <reporter-output>
  </reporter-output>
  <suite name="Default suite" duration-ms="6153" started-at="2021-11-09T12:04:03Z" finished-at="2021-11-09T12:04:09Z">
    <groups>
    </groups>
    <test name="Default test" duration-ms="6153" started-at="2021-11-09T12:04:03Z" finished-at="2021-11-09T12:04:09Z">
      <class name="com.Day1.githubRepo">
        <test-method status="PASS" signature="add()[pri:0, instance:com.Day1.githubRepo@36f0f1be]" name="add" duration-ms="6076" started-at="2021-11-09T12:04:03Z" description="for adding repository" finished-at="2021-11-09T12:04:09Z">
          <reporter-output>
          </reporter-output>
        </test-method> <!-- add -->
      </class> <!-- com.Day1.githubRepo -->
    </test> <!-- Default test -->
  </suite> <!-- Default suite -->
</testng-results>
